d:\code\scara\robotcmddemo\robotcmddemo\debug\robotcmddemo.pch
d:\code\scara\robotcmddemo\robotcmddemo\debug\vc140.pdb
d:\code\scara\robotcmddemo\robotcmddemo\debug\vc140.idb
d:\code\scara\robotcmddemo\robotcmddemo\debug\stdafx.obj
d:\code\scara\robotcmddemo\robotcmddemo\debug\robotcmddemo.obj
d:\code\scara\robotcmddemo\robotcmddemo\debug\ini.obj
d:\code\scara\robotcmddemo\robotcmddemo\debug\robot.obj
d:\code\scara\robotcmddemo\robotcmddemo\debug\socketclient.obj
d:\code\scara\robotcmddemo\robotcmddemo\debug\uierror.obj
d:\code\scara\robotcmddemo\robotcmddemo\debug\uirobotprotocol.obj
d:\code\scara\robotcmddemo\robotcmddemo\debug\utility.obj
d:\code\scara\robotcmddemo\debug\robotcmddemo.ilk
d:\code\scara\robotcmddemo\debug\robotcmddemo.exe
d:\code\scara\robotcmddemo\debug\robotcmddemo.pdb
d:\code\scara\robotcmddemo\debug\robotcmddemo.lib
d:\code\scara\robotcmddemo\debug\robotcmddemo.exp
d:\code\scara\robotcmddemo\robotcmddemo\debug\robotcmddemo.tlog\cl.command.1.tlog
d:\code\scara\robotcmddemo\robotcmddemo\debug\robotcmddemo.tlog\cl.read.1.tlog
d:\code\scara\robotcmddemo\robotcmddemo\debug\robotcmddemo.tlog\cl.write.1.tlog
d:\code\scara\robotcmddemo\robotcmddemo\debug\robotcmddemo.tlog\link.command.1.tlog
d:\code\scara\robotcmddemo\robotcmddemo\debug\robotcmddemo.tlog\link.read.1.tlog
d:\code\scara\robotcmddemo\robotcmddemo\debug\robotcmddemo.tlog\link.write.1.tlog
d:\code\scara\robotcmddemo\robotcmddemo\debug\robotcmddemo.tlog\robotcmddemo.write.1u.tlog
