  stdafx.cpp
  RobotCmdDemo.cpp
C:\Users\Yuki\Desktop\delta\delta\RobotCmdDemo\RobotCmdDemo\RobotCmdDemo.cpp(1,1): warning C4819: 该文件包含不能在当前代码页(936)中表示的字符。请将该文件保存为 Unicode 格式以防止数据丢失
  Ini.cpp
  Robot.cpp
C:\Users\Yuki\Desktop\delta\delta\RobotCmdDemo\RobotCmdDemo\Robot.cpp(35,21): warning C4305: “=”: 从“double”到“float”截断
C:\Users\Yuki\Desktop\delta\delta\RobotCmdDemo\RobotCmdDemo\Robot.cpp(182,28): warning C4305: “=”: 从“double”到“float”截断
C:\Users\Yuki\Desktop\delta\delta\RobotCmdDemo\RobotCmdDemo\Robot.cpp(609,68): warning C4244: “参数”: 从“double”转换到“unsigned int”，可能丢失数据
C:\Users\Yuki\Desktop\delta\delta\RobotCmdDemo\RobotCmdDemo\Robot.cpp(625,85): warning C4244: “=”: 从“double”转换到“int”，可能丢失数据
C:\Users\Yuki\Desktop\delta\delta\RobotCmdDemo\RobotCmdDemo\Robot.cpp(779,68): warning C4244: “参数”: 从“double”转换到“unsigned int”，可能丢失数据
C:\Users\Yuki\Desktop\delta\delta\RobotCmdDemo\RobotCmdDemo\Robot.cpp(791,85): warning C4244: “=”: 从“double”转换到“int”，可能丢失数据
  SocketClient.cpp
  UIError.cpp
  UIRobotProtocol.cpp
  utility.cpp
    正在创建库 C:\Users\Yuki\Desktop\delta\delta\RobotCmdDemo\Release\RobotCmdDemo.lib 和对象 C:\Users\Yuki\Desktop\delta\delta\RobotCmdDemo\Release\RobotCmdDemo.exp
  正在生成代码
  Previous IPDB not found, fall back to full compilation.
C:\Users\Yuki\Desktop\delta\delta\RobotCmdDemo\RobotCmdDemo\UIRobotProtocol.cpp(3872): error C4789: 缓冲区“chSocketInBuffer”(大小为 128 字节)将溢出；200 字节将在偏移 0 时开始写入
  All 556 functions were compiled because no usable IPDB/IOBJ from previous compilation was found.
LINK : fatal error LNK1257: 代码生成失败
